Using pre-set license
Built from '2020.3/staging' branch; Version is '2020.3.28f1 (f5400f52e03f) revision 16072719'; Using compiler version '192528614'; Build Type 'Release'
OS: 'Windows 10  (10.0.19043) 64bit CoreSingleLanguage' Language: 'pt' Physical Memory: 12168 MB
BatchMode: 1, IsHumanControllingUs: 0, StartBugReporterOnCrash: 0, Is64bit: 1, IsPro: 0

COMMAND LINE ARGUMENTS:
C:\Program Files\Unity\Hub\Editor\2020.3.28f1\Editor\Unity.exe
-adb2
-batchMode
-noUpm
-name
AssetImportWorker0
-projectPath
C:/Users/filip/OneDrive/Documentos/Portfolio/Unity/Culling Systems
-logFile
Logs/AssetImportWorker0.log
-srvPort
53544
Successfully changed project path to: C:/Users/filip/OneDrive/Documentos/Portfolio/Unity/Culling Systems
C:/Users/filip/OneDrive/Documentos/Portfolio/Unity/Culling Systems
Using Asset Import Pipeline V2.
Refreshing native plugins compatible for Editor in 123.65 ms, found 2 plugins.
Preloading 0 native plugins for Editor in 0.00 ms.
Initialize engine version: 2020.3.28f1 (f5400f52e03f)
[Subsystems] Discovering subsystems at path C:/Program Files/Unity/Hub/Editor/2020.3.28f1/Editor/Data/Resources/UnitySubsystems
[Subsystems] Discovering subsystems at path C:/Users/filip/OneDrive/Documentos/Portfolio/Unity/Culling Systems/Assets
GfxDevice: creating device client; threaded=0
Direct3D:
    Version:  Direct3D 11.0 [level 11.1]
    Renderer: Intel(R) HD Graphics 520 (ID=0x1916)
    Vendor:   
    VRAM:     6084 MB
    Driver:   25.20.100.6446
Initialize mono
Mono path[0] = 'C:/Program Files/Unity/Hub/Editor/2020.3.28f1/Editor/Data/Managed'
Mono path[1] = 'C:/Program Files/Unity/Hub/Editor/2020.3.28f1/Editor/Data/MonoBleedingEdge/lib/mono/unityjit'
Mono config path = 'C:/Program Files/Unity/Hub/Editor/2020.3.28f1/Editor/Data/MonoBleedingEdge/etc'
Using monoOptions --debugger-agent=transport=dt_socket,embedding=1,server=y,suspend=n,address=127.0.0.1:56948
Begin MonoManager ReloadAssembly
Registering precompiled unity dll's ...
Register platform support module: C:/Program Files/Unity/Hub/Editor/2020.3.28f1/Editor/Data/PlaybackEngines/MacStandaloneSupport/UnityEditor.OSXStandalone.Extensions.dll
Register platform support module: C:/Program Files/Unity/Hub/Editor/2020.3.28f1/Editor/Data/PlaybackEngines/WindowsStandaloneSupport/UnityEditor.WindowsStandalone.Extensions.dll
Register platform support module: C:/Program Files/Unity/Hub/Editor/2020.3.28f1/Editor/Data/PlaybackEngines/LinuxStandaloneSupport/UnityEditor.LinuxStandalone.Extensions.dll
Registered in 0.008728 seconds.
Native extension for LinuxStandalone target not found
Native extension for WindowsStandalone target not found
Native extension for OSXStandalone target not found
Refreshing native plugins compatible for Editor in 163.94 ms, found 2 plugins.
Preloading 0 native plugins for Editor in 0.00 ms.
Mono: successfully reloaded assembly
- Completed reload, in  1.693 seconds
Domain Reload Profiling:
	ReloadAssembly (1694ms)
		BeginReloadAssembly (171ms)
			ExecutionOrderSort (0ms)
			DisableScriptedObjects (0ms)
			BackupInstance (0ms)
			ReleaseScriptingObjects (0ms)
			CreateAndSetChildDomain (3ms)
		EndReloadAssembly (1324ms)
			LoadAssemblies (165ms)
			RebuildTransferFunctionScriptingTraits (0ms)
			SetupTypeCache (423ms)
			ReleaseScriptCaches (0ms)
			RebuildScriptCaches (109ms)
			SetupLoadedEditorAssemblies (528ms)
				LogAssemblyErrors (0ms)
				InitializePlatformSupportModulesInManaged (20ms)
				SetLoadedEditorAssemblies (1ms)
				RefreshPlugins (164ms)
				BeforeProcessingInitializeOnLoad (31ms)
				ProcessInitializeOnLoadAttributes (239ms)
				ProcessInitializeOnLoadMethodAttributes (73ms)
				AfterProcessingInitializeOnLoad (0ms)
				EditorAssembliesLoaded (0ms)
			ExecutionOrderSort2 (0ms)
			AwakeInstancesAfterBackupRestoration (0ms)
Platform modules already initialized, skipping
Registering precompiled user dll's ...
Registered in 0.122470 seconds.
Begin MonoManager ReloadAssembly
Native extension for LinuxStandalone target not found
Native extension for WindowsStandalone target not found
Native extension for OSXStandalone target not found
Refreshing native plugins compatible for Editor in 126.51 ms, found 2 plugins.
Preloading 0 native plugins for Editor in 0.00 ms.
Mono: successfully reloaded assembly
- Completed reload, in  4.921 seconds
Domain Reload Profiling:
	ReloadAssembly (4924ms)
		BeginReloadAssembly (462ms)
			ExecutionOrderSort (0ms)
			DisableScriptedObjects (14ms)
			BackupInstance (0ms)
			ReleaseScriptingObjects (0ms)
			CreateAndSetChildDomain (51ms)
		EndReloadAssembly (4270ms)
			LoadAssemblies (1862ms)
			RebuildTransferFunctionScriptingTraits (0ms)
			SetupTypeCache (965ms)
			ReleaseScriptCaches (1ms)
			RebuildScriptCaches (151ms)
			SetupLoadedEditorAssemblies (989ms)
				LogAssemblyErrors (0ms)
				InitializePlatformSupportModulesInManaged (16ms)
				SetLoadedEditorAssemblies (0ms)
				RefreshPlugins (127ms)
				BeforeProcessingInitializeOnLoad (236ms)
				ProcessInitializeOnLoadAttributes (567ms)
				ProcessInitializeOnLoadMethodAttributes (22ms)
				AfterProcessingInitializeOnLoad (21ms)
				EditorAssembliesLoaded (0ms)
			ExecutionOrderSort2 (0ms)
			AwakeInstancesAfterBackupRestoration (20ms)
Platform modules already initialized, skipping
========================================================================
Worker process is ready to serve import requests
Launched and connected shader compiler UnityShaderCompiler.exe after 0.24 seconds
Refreshing native plugins compatible for Editor in 1.12 ms, found 2 plugins.
Preloading 0 native plugins for Editor in 0.00 ms.
Unloading 2810 Unused Serialized files (Serialized files now loaded: 0)
System memory in use before: 126.3 MB.
System memory in use after: 126.5 MB.

Unloading 20 unused Assets to reduce memory usage. Loaded Objects now: 3242.
Total: 8.639300 ms (FindLiveObjects: 0.601500 ms CreateObjectMapping: 0.367200 ms MarkObjects: 7.491000 ms  DeleteObjects: 0.177500 ms)

AssetImportParameters requested are different than current active one (requested -> active):
  custom:framework-win-MediaFoundation: 216162199b28c13a410421893ffa2e32 -> 
  custom:video-decoder-ogg-theora: a1e56fd34408186e4bbccfd4996cb3dc -> 
  custom:container-muxer-webm: aa71ff27fc2769a1b78a27578f13a17b -> 
  custom:container-demuxer-webm: 4f35f7cbe854078d1ac9338744f61a02 -> 
  custom:container-demuxer-ogg: 62fdf1f143b41e24485cea50d1cbac27 -> 
  custom:video-encoder-webm-vp8: eb34c28f22e8b96e1ab97ce403110664 -> 
  custom:video-codec-MediaFoundation-h265: 746d11721c4dcdbdad8f713fa42b33f4 -> 
  custom:video-decoder-webm-vp8: 9c59270c3fd7afecdb556c50c9e8de78 -> 
  custom:audio-decoder-ogg-vorbis: bf7c407c2cedff20999df2af8eb42d56 -> 
  custom:audio-encoder-webm-vorbis: bf7c407c2cedff20999df2af8eb42d56 -> 
========================================================================
Received Import Request.
  path: Assets/Scenes/Shader.unity
  artifactKey: Guid(20683a2c3462e8842992deacf0cf5782) Importer(815301076,1909f56bfc062723c751e8b465ee728b)
Start importing Assets/Scenes/Shader.unity using Guid(20683a2c3462e8842992deacf0cf5782) Importer(815301076,1909f56bfc062723c751e8b465ee728b)  -> (artifact id: 'f4d66db0f4a1c8957b180de11dc8addc') in 0.040295 seconds 
  Import took 0.088687 seconds .

========================================================================
Received Import Request.
  Time since last request: 2.892353 seconds.
  path: Assets
  artifactKey: Guid(00000000000000001000000000000000) Importer(815301076,1909f56bfc062723c751e8b465ee728b)
Start importing Assets using Guid(00000000000000001000000000000000) Importer(815301076,1909f56bfc062723c751e8b465ee728b)  -> (artifact id: '42d402b061de3733987d63b9cc3b64de') in 0.032914 seconds 
  Import took 0.110129 seconds .

========================================================================
Received Import Request.
  Time since last request: 11.947794 seconds.
  path: Assets/Culling Shader
  artifactKey: Guid(9776872f2a52cbd47a53accc9e0dac84) Importer(815301076,1909f56bfc062723c751e8b465ee728b)
Start importing Assets/Culling Shader using Guid(9776872f2a52cbd47a53accc9e0dac84) Importer(815301076,1909f56bfc062723c751e8b465ee728b)  -> (artifact id: '5c942888d2793029f2650882500d38fc') in 0.031200 seconds 
  Import took 0.065598 seconds .

========================================================================
Received Prepare
Registering precompiled user dll's ...
Registered in 0.014738 seconds.
Begin MonoManager ReloadAssembly
Native extension for LinuxStandalone target not found
Native extension for WindowsStandalone target not found
Native extension for OSXStandalone target not found
Refreshing native plugins compatible for Editor in 0.82 ms, found 2 plugins.
Preloading 0 native plugins for Editor in 0.00 ms.
Mono: successfully reloaded assembly
- Completed reload, in  2.857 seconds
Domain Reload Profiling:
	ReloadAssembly (2858ms)
		BeginReloadAssembly (341ms)
			ExecutionOrderSort (0ms)
			DisableScriptedObjects (7ms)
			BackupInstance (0ms)
			ReleaseScriptingObjects (0ms)
			CreateAndSetChildDomain (94ms)
		EndReloadAssembly (2352ms)
			LoadAssemblies (310ms)
			RebuildTransferFunctionScriptingTraits (0ms)
			SetupTypeCache (908ms)
			ReleaseScriptCaches (3ms)
			RebuildScriptCaches (115ms)
			SetupLoadedEditorAssemblies (772ms)
				LogAssemblyErrors (0ms)
				InitializePlatformSupportModulesInManaged (23ms)
				SetLoadedEditorAssemblies (1ms)
				RefreshPlugins (1ms)
				BeforeProcessingInitializeOnLoad (246ms)
				ProcessInitializeOnLoadAttributes (462ms)
				ProcessInitializeOnLoadMethodAttributes (20ms)
				AfterProcessingInitializeOnLoad (18ms)
				EditorAssembliesLoaded (0ms)
			ExecutionOrderSort2 (0ms)
			AwakeInstancesAfterBackupRestoration (24ms)
Platform modules already initialized, skipping
Refreshing native plugins compatible for Editor in 1.61 ms, found 2 plugins.
Preloading 0 native plugins for Editor in 0.00 ms.
Unloading 2701 Unused Serialized files (Serialized files now loaded: 0)
System memory in use before: 119.1 MB.
System memory in use after: 119.3 MB.

Unloading 15 unused Assets to reduce memory usage. Loaded Objects now: 3245.
Total: 7.513500 ms (FindLiveObjects: 0.529500 ms CreateObjectMapping: 0.594500 ms MarkObjects: 6.325000 ms  DeleteObjects: 0.061700 ms)

AssetImportParameters requested are different than current active one (requested -> active):
  custom:framework-win-MediaFoundation: 216162199b28c13a410421893ffa2e32 -> 
  custom:video-decoder-ogg-theora: a1e56fd34408186e4bbccfd4996cb3dc -> 
  custom:container-muxer-webm: aa71ff27fc2769a1b78a27578f13a17b -> 
  custom:container-demuxer-webm: 4f35f7cbe854078d1ac9338744f61a02 -> 
  custom:container-demuxer-ogg: 62fdf1f143b41e24485cea50d1cbac27 -> 
  custom:video-encoder-webm-vp8: eb34c28f22e8b96e1ab97ce403110664 -> 
  custom:video-codec-MediaFoundation-h265: 746d11721c4dcdbdad8f713fa42b33f4 -> 
  custom:video-decoder-webm-vp8: 9c59270c3fd7afecdb556c50c9e8de78 -> 
  custom:audio-decoder-ogg-vorbis: bf7c407c2cedff20999df2af8eb42d56 -> 
  custom:audio-encoder-webm-vorbis: bf7c407c2cedff20999df2af8eb42d56 -> 
========================================================================
Received Import Request.
  Time since last request: 179.983493 seconds.
  path: Assets/Materials
  artifactKey: Guid(d0234ba368eeec9418390da711bfdad0) Importer(815301076,1909f56bfc062723c751e8b465ee728b)
Start importing Assets/Materials using Guid(d0234ba368eeec9418390da711bfdad0) Importer(815301076,1909f56bfc062723c751e8b465ee728b)  -> (artifact id: 'dd1fccef896d48891410691dfde716e5') in 0.058836 seconds 
  Import took 0.069342 seconds .

========================================================================
Received Import Request.
  Time since last request: 0.064064 seconds.
  path: Assets/Materials/Skybox_Mat.mat
  artifactKey: Guid(0ffaa0b7117ba8c47a9d05ae701d4b4d) Importer(815301076,1909f56bfc062723c751e8b465ee728b)
Start importing Assets/Materials/Skybox_Mat.mat using Guid(0ffaa0b7117ba8c47a9d05ae701d4b4d) Importer(815301076,1909f56bfc062723c751e8b465ee728b)  -> (artifact id: '4d54ab3375f41efad00566dcae11def2') in 0.715520 seconds 
  Import took 0.748688 seconds .

========================================================================
Received Import Request.
  Time since last request: 8.067155 seconds.
  path: Assets/Materials/Floor.mat
  artifactKey: Guid(a61bb32c1e097bd45a4adac047e7820e) Importer(815301076,1909f56bfc062723c751e8b465ee728b)
Start importing Assets/Materials/Floor.mat using Guid(a61bb32c1e097bd45a4adac047e7820e) Importer(815301076,1909f56bfc062723c751e8b465ee728b)  -> (artifact id: '84c456c723c8fb864ab1124e25892858') in 0.071211 seconds 
  Import took 0.097194 seconds .

========================================================================
Received Import Request.
  Time since last request: 7.734857 seconds.
  path: Assets/Materials/Floor.mat
  artifactKey: Guid(a61bb32c1e097bd45a4adac047e7820e) Importer(815301076,1909f56bfc062723c751e8b465ee728b)
Start importing Assets/Materials/Floor.mat using Guid(a61bb32c1e097bd45a4adac047e7820e) Importer(815301076,1909f56bfc062723c751e8b465ee728b)  -> (artifact id: 'ed478f1a517ffeaed3cf867c7d96f6e8') in 0.093170 seconds 
  Import took 0.125474 seconds .

========================================================================
Received Import Request.
  Time since last request: 11.433601 seconds.
  path: Assets/Materials/Object.mat
  artifactKey: Guid(e870b7c58010bd24da9cbbcc498cf358) Importer(815301076,1909f56bfc062723c751e8b465ee728b)
Start importing Assets/Materials/Object.mat using Guid(e870b7c58010bd24da9cbbcc498cf358) Importer(815301076,1909f56bfc062723c751e8b465ee728b)  -> (artifact id: '420fe314cd6a7713ab12f07dc15eb7be') in 0.057558 seconds 
  Import took 0.086889 seconds .

========================================================================
Received Import Request.
  Time since last request: 11.583775 seconds.
  path: Assets/Materials/Object.mat
  artifactKey: Guid(e870b7c58010bd24da9cbbcc498cf358) Importer(815301076,1909f56bfc062723c751e8b465ee728b)
Start importing Assets/Materials/Object.mat using Guid(e870b7c58010bd24da9cbbcc498cf358) Importer(815301076,1909f56bfc062723c751e8b465ee728b)  -> (artifact id: '1e44d41ea4a9f074ce87ab32c2b903e7') in 0.049236 seconds 
  Import took 0.069291 seconds .

========================================================================
Received Import Request.
  Time since last request: 8.622590 seconds.
  path: Assets/Materials/Object.mat
  artifactKey: Guid(e870b7c58010bd24da9cbbcc498cf358) Importer(815301076,1909f56bfc062723c751e8b465ee728b)
Start importing Assets/Materials/Object.mat using Guid(e870b7c58010bd24da9cbbcc498cf358) Importer(815301076,1909f56bfc062723c751e8b465ee728b)  -> (artifact id: 'c6328d075d16ef0df86f2d881ac730fc') in 0.066839 seconds 
  Import took 0.100334 seconds .

========================================================================
Received Import Request.
  Time since last request: 6.062867 seconds.
  path: Assets/Materials/Object.mat
  artifactKey: Guid(e870b7c58010bd24da9cbbcc498cf358) Importer(815301076,1909f56bfc062723c751e8b465ee728b)
Start importing Assets/Materials/Object.mat using Guid(e870b7c58010bd24da9cbbcc498cf358) Importer(815301076,1909f56bfc062723c751e8b465ee728b)  -> (artifact id: '0513d05e7df3d9610bdf6ed5e1dd57a3') in 0.051690 seconds 
  Import took 0.079117 seconds .

========================================================================
Received Import Request.
  Time since last request: 624.696457 seconds.
  path: Assets/Culling Shader/NewSurfaceShader.shader
  artifactKey: Guid(3558e3fa1912b9c43bb4d377516dbf19) Importer(815301076,1909f56bfc062723c751e8b465ee728b)
Start importing Assets/Culling Shader/NewSurfaceShader.shader using Guid(3558e3fa1912b9c43bb4d377516dbf19) Importer(815301076,1909f56bfc062723c751e8b465ee728b)  -> (artifact id: '9edb2186475fac715481a9b30c921df4') in 0.030097 seconds 
  Import took 0.085700 seconds .

========================================================================
Received Import Request.
  Time since last request: 15.791170 seconds.
  path: Assets/Culling Shader/AlphaFade.shader
  artifactKey: Guid(3558e3fa1912b9c43bb4d377516dbf19) Importer(815301076,1909f56bfc062723c751e8b465ee728b)
Start importing Assets/Culling Shader/AlphaFade.shader using Guid(3558e3fa1912b9c43bb4d377516dbf19) Importer(815301076,1909f56bfc062723c751e8b465ee728b)  -> (artifact id: '6ae5797739299e3d58f92e1533705bb5') in 0.027895 seconds 
  Import took 0.056446 seconds .

========================================================================
Received Import Request.
  Time since last request: 205.019561 seconds.
  path: Assets/Culling Shader/AlphaFade.shader
  artifactKey: Guid(3558e3fa1912b9c43bb4d377516dbf19) Importer(815301076,1909f56bfc062723c751e8b465ee728b)
Start importing Assets/Culling Shader/AlphaFade.shader using Guid(3558e3fa1912b9c43bb4d377516dbf19) Importer(815301076,1909f56bfc062723c751e8b465ee728b)  -> (artifact id: '1e20369d49275ad37c799651f762b45e') in 0.017259 seconds 
  Import took 0.033104 seconds .

========================================================================
Received Import Request.
  Time since last request: 1.627293 seconds.
  path: Assets/Culling Shader/Cullable.cs.cs
  artifactKey: Guid(68b28641aab72f0488f5a187a9fcc709) Importer(815301076,1909f56bfc062723c751e8b465ee728b)
Start importing Assets/Culling Shader/Cullable.cs.cs using Guid(68b28641aab72f0488f5a187a9fcc709) Importer(815301076,1909f56bfc062723c751e8b465ee728b)  -> (artifact id: 'b499a2a4b98c24bf9a103d7cb0079989') in 0.071304 seconds 
  Import took 0.099716 seconds .

========================================================================
Received Import Request.
  Time since last request: 73.936324 seconds.
  path: Assets/Culling Shader/Cullable.cs
  artifactKey: Guid(68b28641aab72f0488f5a187a9fcc709) Importer(815301076,1909f56bfc062723c751e8b465ee728b)
Start importing Assets/Culling Shader/Cullable.cs using Guid(68b28641aab72f0488f5a187a9fcc709) Importer(815301076,1909f56bfc062723c751e8b465ee728b)  -> (artifact id: '968e4da9c3a4939398795938b6ffa469') in 0.137041 seconds 
  Import took 0.537463 seconds .

========================================================================
Received Prepare
Registering precompiled user dll's ...
Registered in 0.015098 seconds.
Begin MonoManager ReloadAssembly
Native extension for LinuxStandalone target not found
Native extension for WindowsStandalone target not found
Native extension for OSXStandalone target not found
Refreshing native plugins compatible for Editor in 0.88 ms, found 2 plugins.
Preloading 0 native plugins for Editor in 0.00 ms.
Mono: successfully reloaded assembly
- Completed reload, in  2.184 seconds
Domain Reload Profiling:
	ReloadAssembly (2185ms)
		BeginReloadAssembly (422ms)
			ExecutionOrderSort (0ms)
			DisableScriptedObjects (10ms)
			BackupInstance (0ms)
			ReleaseScriptingObjects (0ms)
			CreateAndSetChildDomain (226ms)
		EndReloadAssembly (1640ms)
			LoadAssemblies (203ms)
			RebuildTransferFunctionScriptingTraits (0ms)
			SetupTypeCache (550ms)
			ReleaseScriptCaches (2ms)
			RebuildScriptCaches (66ms)
			SetupLoadedEditorAssemblies (546ms)
				LogAssemblyErrors (0ms)
				InitializePlatformSupportModulesInManaged (11ms)
				SetLoadedEditorAssemblies (1ms)
				RefreshPlugins (1ms)
				BeforeProcessingInitializeOnLoad (179ms)
				ProcessInitializeOnLoadAttributes (328ms)
				ProcessInitializeOnLoadMethodAttributes (14ms)
				AfterProcessingInitializeOnLoad (12ms)
				EditorAssembliesLoaded (1ms)
			ExecutionOrderSort2 (0ms)
			AwakeInstancesAfterBackupRestoration (26ms)
Platform modules already initialized, skipping
Refreshing native plugins compatible for Editor in 0.77 ms, found 2 plugins.
Preloading 0 native plugins for Editor in 0.00 ms.
Unloading 2702 Unused Serialized files (Serialized files now loaded: 0)
System memory in use before: 125.5 MB.
System memory in use after: 125.3 MB.

Unloading 16 unused Assets to reduce memory usage. Loaded Objects now: 3327.
Total: 8.053600 ms (FindLiveObjects: 0.445900 ms CreateObjectMapping: 0.266400 ms MarkObjects: 6.750700 ms  DeleteObjects: 0.589100 ms)

AssetImportParameters requested are different than current active one (requested -> active):
  custom:framework-win-MediaFoundation: 216162199b28c13a410421893ffa2e32 -> 
  custom:video-decoder-ogg-theora: a1e56fd34408186e4bbccfd4996cb3dc -> 
  custom:container-muxer-webm: aa71ff27fc2769a1b78a27578f13a17b -> 
  custom:container-demuxer-webm: 4f35f7cbe854078d1ac9338744f61a02 -> 
  custom:container-demuxer-ogg: 62fdf1f143b41e24485cea50d1cbac27 -> 
  custom:video-encoder-webm-vp8: eb34c28f22e8b96e1ab97ce403110664 -> 
  custom:video-codec-MediaFoundation-h265: 746d11721c4dcdbdad8f713fa42b33f4 -> 
  custom:video-decoder-webm-vp8: 9c59270c3fd7afecdb556c50c9e8de78 -> 
  custom:audio-decoder-ogg-vorbis: bf7c407c2cedff20999df2af8eb42d56 -> 
  custom:audio-encoder-webm-vorbis: bf7c407c2cedff20999df2af8eb42d56 -> 
========================================================================
Received Import Request.
  Time since last request: 76.279709 seconds.
  path: Assets/Culling Shader/Custom_AlphaFade.mat
  artifactKey: Guid(118f91e3fcd47bb468cc1db30f9099de) Importer(815301076,1909f56bfc062723c751e8b465ee728b)
Start importing Assets/Culling Shader/Custom_AlphaFade.mat using Guid(118f91e3fcd47bb468cc1db30f9099de) Importer(815301076,1909f56bfc062723c751e8b465ee728b)  -> (artifact id: '6c4fa6124f52e76870e73a5a17ea55c0') in 0.314232 seconds 
  Import took 0.354399 seconds .

========================================================================
Received Import Request.
  Time since last request: 291.299893 seconds.
  path: Assets/Textures
  artifactKey: Guid(d3d720fab6d4bfd43955aa87720ebf0c) Importer(815301076,1909f56bfc062723c751e8b465ee728b)
Start importing Assets/Textures using Guid(d3d720fab6d4bfd43955aa87720ebf0c) Importer(815301076,1909f56bfc062723c751e8b465ee728b)  -> (artifact id: '7f0fc2fea7d17c942c65df078978a021') in 0.026327 seconds 
  Import took 0.066154 seconds .

========================================================================
Received Import Request.
  Time since last request: 0.003202 seconds.
  path: Assets/Textures/FadeTexture.png
  artifactKey: Guid(de232f300cc22c247b1b287b3b33b433) Importer(815301076,1909f56bfc062723c751e8b465ee728b)
Start importing Assets/Textures/FadeTexture.png using Guid(de232f300cc22c247b1b287b3b33b433) Importer(815301076,1909f56bfc062723c751e8b465ee728b)  -> (artifact id: '9bf411c5de979433a526386dfd0eb069') in 0.142199 seconds 
  Import took 0.152384 seconds .

========================================================================
Received Import Request.
  Time since last request: 12.629199 seconds.
  path: Assets/Textures/FadeTexture.png
  artifactKey: Guid(de232f300cc22c247b1b287b3b33b433) Importer(815301076,1909f56bfc062723c751e8b465ee728b)
Start importing Assets/Textures/FadeTexture.png using Guid(de232f300cc22c247b1b287b3b33b433) Importer(815301076,1909f56bfc062723c751e8b465ee728b)  -> (artifact id: '8196b0568934a30a742bce9547147593') in 0.107084 seconds 
  Import took 0.130380 seconds .

========================================================================
Received Import Request.
  Time since last request: 18.061227 seconds.
  path: Assets/Culling Shader/Custom_AlphaFade.mat
  artifactKey: Guid(118f91e3fcd47bb468cc1db30f9099de) Importer(815301076,1909f56bfc062723c751e8b465ee728b)
Start importing Assets/Culling Shader/Custom_AlphaFade.mat using Guid(118f91e3fcd47bb468cc1db30f9099de) Importer(815301076,1909f56bfc062723c751e8b465ee728b)  -> (artifact id: '621cd71f2074d11b1c450143180a50d5') in 0.050135 seconds 
  Import took 0.083043 seconds .

========================================================================
Received Import Request.
  Time since last request: 70.118656 seconds.
  path: Assets/Scripts
  artifactKey: Guid(02a3527b6b33a924e8ec66aa805ea717) Importer(815301076,1909f56bfc062723c751e8b465ee728b)
Start importing Assets/Scripts using Guid(02a3527b6b33a924e8ec66aa805ea717) Importer(815301076,1909f56bfc062723c751e8b465ee728b)  -> (artifact id: 'f0a913a0049096cde5d6a727232f232f') in 0.027261 seconds 
  Import took 0.060489 seconds .

========================================================================
Received Import Request.
  Time since last request: 8.444210 seconds.
  path: Assets/Scripts/PlayerMovement.cs
  artifactKey: Guid(044b0d543c912b848a4b577ad606aad2) Importer(815301076,1909f56bfc062723c751e8b465ee728b)
Start importing Assets/Scripts/PlayerMovement.cs using Guid(044b0d543c912b848a4b577ad606aad2) Importer(815301076,1909f56bfc062723c751e8b465ee728b)  -> (artifact id: '2a3737fec528e3819985c8466fe5abaf') in 0.023197 seconds 
  Import took 0.062446 seconds .

========================================================================
Received Prepare
Registering precompiled user dll's ...
Registered in 0.016093 seconds.
Begin MonoManager ReloadAssembly
Native extension for LinuxStandalone target not found
Native extension for WindowsStandalone target not found
Native extension for OSXStandalone target not found
Refreshing native plugins compatible for Editor in 1.45 ms, found 2 plugins.
Preloading 0 native plugins for Editor in 0.00 ms.
Mono: successfully reloaded assembly
- Completed reload, in  3.087 seconds
Domain Reload Profiling:
	ReloadAssembly (3088ms)
		BeginReloadAssembly (221ms)
			ExecutionOrderSort (0ms)
			DisableScriptedObjects (12ms)
			BackupInstance (0ms)
			ReleaseScriptingObjects (0ms)
			CreateAndSetChildDomain (65ms)
		EndReloadAssembly (2740ms)
			LoadAssemblies (213ms)
			RebuildTransferFunctionScriptingTraits (0ms)
			SetupTypeCache (880ms)
			ReleaseScriptCaches (3ms)
			RebuildScriptCaches (179ms)
			SetupLoadedEditorAssemblies (1056ms)
				LogAssemblyErrors (0ms)
				InitializePlatformSupportModulesInManaged (13ms)
				SetLoadedEditorAssemblies (1ms)
				RefreshPlugins (2ms)
				BeforeProcessingInitializeOnLoad (354ms)
				ProcessInitializeOnLoadAttributes (655ms)
				ProcessInitializeOnLoadMethodAttributes (18ms)
				AfterProcessingInitializeOnLoad (14ms)
				EditorAssembliesLoaded (0ms)
			ExecutionOrderSort2 (0ms)
			AwakeInstancesAfterBackupRestoration (26ms)
Platform modules already initialized, skipping
Refreshing native plugins compatible for Editor in 0.77 ms, found 2 plugins.
Preloading 0 native plugins for Editor in 0.00 ms.
Unloading 2703 Unused Serialized files (Serialized files now loaded: 0)
System memory in use before: 125.7 MB.
System memory in use after: 125.9 MB.

Unloading 15 unused Assets to reduce memory usage. Loaded Objects now: 3369.
Total: 6.384200 ms (FindLiveObjects: 0.417200 ms CreateObjectMapping: 0.248200 ms MarkObjects: 5.668600 ms  DeleteObjects: 0.048400 ms)

AssetImportParameters requested are different than current active one (requested -> active):
  custom:framework-win-MediaFoundation: 216162199b28c13a410421893ffa2e32 -> 
  custom:video-decoder-ogg-theora: a1e56fd34408186e4bbccfd4996cb3dc -> 
  custom:container-muxer-webm: aa71ff27fc2769a1b78a27578f13a17b -> 
  custom:container-demuxer-webm: 4f35f7cbe854078d1ac9338744f61a02 -> 
  custom:container-demuxer-ogg: 62fdf1f143b41e24485cea50d1cbac27 -> 
  custom:video-encoder-webm-vp8: eb34c28f22e8b96e1ab97ce403110664 -> 
  custom:video-codec-MediaFoundation-h265: 746d11721c4dcdbdad8f713fa42b33f4 -> 
  custom:video-decoder-webm-vp8: 9c59270c3fd7afecdb556c50c9e8de78 -> 
  custom:audio-decoder-ogg-vorbis: bf7c407c2cedff20999df2af8eb42d56 -> 
  custom:audio-encoder-webm-vorbis: bf7c407c2cedff20999df2af8eb42d56 -> 
========================================================================
Received Prepare
Registering precompiled user dll's ...
Registered in 0.012843 seconds.
Begin MonoManager ReloadAssembly
Native extension for LinuxStandalone target not found
Native extension for WindowsStandalone target not found
Native extension for OSXStandalone target not found
Refreshing native plugins compatible for Editor in 1.56 ms, found 2 plugins.
Preloading 0 native plugins for Editor in 0.00 ms.
Invalid AssetDatabase path: /Editor/EditorResources/cm_logo_sm.png. Use path relative to the project folder.
UnityEngine.StackTraceUtility:ExtractStackTrace ()
UnityEditor.AssetDatabase:LoadAssetAtPath<UnityEngine.Texture2D> (string)
Cinemachine.Editor.CinemachineSettings:get_CinemachineLogoTexture () (at Library/PackageCache/com.unity.cinemachine@2.6.11/Editor/Windows/CinemachineSettings.cs:205)
Cinemachine.Editor.CinemachineSettings:.cctor () (at Library/PackageCache/com.unity.cinemachine@2.6.11/Editor/Windows/CinemachineSettings.cs:237)
Cinemachine.CinemachineColliderPrefs:.cctor () (at Library/PackageCache/com.unity.cinemachine@2.6.11/Editor/Windows/CinemachineColliderPrefs.cs:61)
System.Runtime.CompilerServices.RuntimeHelpers:RunClassConstructor (System.RuntimeTypeHandle)
UnityEditor.EditorAssemblies:ProcessInitializeOnLoadAttributes (System.Type[])

[Library/PackageCache/com.unity.cinemachine@2.6.11/Editor/Windows/CinemachineSettings.cs line 205]

Mono: successfully reloaded assembly
- Completed reload, in  3.464 seconds
Domain Reload Profiling:
	ReloadAssembly (3465ms)
		BeginReloadAssembly (331ms)
			ExecutionOrderSort (0ms)
			DisableScriptedObjects (15ms)
			BackupInstance (0ms)
			ReleaseScriptingObjects (0ms)
			CreateAndSetChildDomain (93ms)
		EndReloadAssembly (2984ms)
			LoadAssemblies (292ms)
			RebuildTransferFunctionScriptingTraits (0ms)
			SetupTypeCache (1032ms)
			ReleaseScriptCaches (2ms)
			RebuildScriptCaches (155ms)
			SetupLoadedEditorAssemblies (1059ms)
				LogAssemblyErrors (0ms)
				InitializePlatformSupportModulesInManaged (19ms)
				SetLoadedEditorAssemblies (1ms)
				RefreshPlugins (2ms)
				BeforeProcessingInitializeOnLoad (241ms)
				ProcessInitializeOnLoadAttributes (754ms)
				ProcessInitializeOnLoadMethodAttributes (23ms)
				AfterProcessingInitializeOnLoad (18ms)
				EditorAssembliesLoaded (1ms)
			ExecutionOrderSort2 (0ms)
			AwakeInstancesAfterBackupRestoration (51ms)
Platform modules already initialized, skipping
Refreshing native plugins compatible for Editor in 1.54 ms, found 2 plugins.
Preloading 0 native plugins for Editor in 0.00 ms.
Unloading 2849 Unused Serialized files (Serialized files now loaded: 0)
System memory in use before: 130.4 MB.
System memory in use after: 130.6 MB.

Unloading 16 unused Assets to reduce memory usage. Loaded Objects now: 3517.
Total: 98.046700 ms (FindLiveObjects: 0.380700 ms CreateObjectMapping: 0.270300 ms MarkObjects: 97.241400 ms  DeleteObjects: 0.151900 ms)

AssetImportParameters requested are different than current active one (requested -> active):
  custom:framework-win-MediaFoundation: 216162199b28c13a410421893ffa2e32 -> 
  custom:video-decoder-ogg-theora: a1e56fd34408186e4bbccfd4996cb3dc -> 
  custom:container-muxer-webm: aa71ff27fc2769a1b78a27578f13a17b -> 
  custom:container-demuxer-webm: 4f35f7cbe854078d1ac9338744f61a02 -> 
  custom:container-demuxer-ogg: 62fdf1f143b41e24485cea50d1cbac27 -> 
  custom:video-encoder-webm-vp8: eb34c28f22e8b96e1ab97ce403110664 -> 
  custom:video-codec-MediaFoundation-h265: 746d11721c4dcdbdad8f713fa42b33f4 -> 
  custom:video-decoder-webm-vp8: 9c59270c3fd7afecdb556c50c9e8de78 -> 
  custom:audio-decoder-ogg-vorbis: bf7c407c2cedff20999df2af8eb42d56 -> 
  custom:audio-encoder-webm-vorbis: bf7c407c2cedff20999df2af8eb42d56 -> 
AssetImportWorkerClient::OnTransportError - code=2 error=End of file
